2024-12-19 16:08:15,472 - root - INFO - Initailizing the PolariseMiner............
2024-12-19 16:08:16,793 - polaris_subnet.miner.container - INFO - Initialized ContainerManager with host IP: 10.10.162.64
2024-12-19 16:08:16,836 - polaris_subnet.miner.container - INFO - Initialized ContainerManager with host IP: 10.10.162.64
2024-12-19 16:10:46,006 - root - INFO - Initailizing the PolariseMiner............
2024-12-19 16:10:46,023 - polaris_subnet.miner.container - INFO - Initialized ContainerManager with host IP: 10.10.162.64
2024-12-19 16:10:46,043 - polaris_subnet.miner.container - INFO - Initialized ContainerManager with host IP: 10.10.162.64
2024-12-19 16:11:09,408 - root - INFO - Initailizing the PolariseMiner............
2024-12-19 16:11:09,420 - polaris_subnet.miner.container - INFO - Initialized ContainerManager with host IP: 10.10.162.64
2024-12-19 16:11:09,438 - polaris_subnet.miner.container - INFO - Initialized ContainerManager with host IP: 10.10.162.64
2024-12-19 16:11:30,065 - root - INFO - Starting PolariseMiner on port 8000 (Attempt 1)...
2024-12-19 16:11:30,091 - polaris_subnet.miner.http_server - INFO - Server started on port 8000
2024-12-19 16:11:30,092 - root - INFO - PolariseMiner is running.
2024-12-19 16:11:30,172 - root - INFO - Stopping PolariseMiner...
2024-12-19 16:11:30,592 - root - INFO - PolariseMiner stopped.
2024-12-19 16:11:30,593 - root - INFO - PolariseMiner stopped.
2024-12-19 16:37:04,907 - root - INFO - Initailizing the PolariseMiner............
2024-12-19 16:37:05,580 - polaris_subnet.miner.container - INFO - Initialized ContainerManager with host IP: 10.10.162.64
2024-12-19 16:37:05,616 - polaris_subnet.miner.container - INFO - Initialized ContainerManager with host IP: 10.10.162.64
2024-12-19 16:37:25,050 - root - INFO - Starting PolariseMiner on port 8000 (Attempt 1)...
2024-12-19 16:37:25,065 - polaris_subnet.miner.http_server - INFO - Server started on port 8000
2024-12-19 16:37:25,066 - root - INFO - PolariseMiner is running.
2024-12-19 16:37:25,143 - root - INFO - Stopping PolariseMiner...
2024-12-19 16:37:25,566 - root - INFO - PolariseMiner stopped.
2024-12-19 16:37:25,568 - root - INFO - PolariseMiner stopped.
2024-12-19 16:39:36,168 - root - INFO - Initailizing the PolariseMiner............
2024-12-19 16:39:36,181 - polaris_subnet.miner.container - INFO - Initialized ContainerManager with host IP: 10.10.162.64
2024-12-19 16:39:36,193 - polaris_subnet.miner.container - INFO - Initialized ContainerManager with host IP: 10.10.162.64
2024-12-19 16:39:54,395 - root - INFO - Starting PolariseMiner on port 8000 (Attempt 1)...
2024-12-19 16:39:54,409 - polaris_subnet.miner.http_server - INFO - Server started on port 8080
2024-12-19 16:39:54,409 - root - INFO - PolariseMiner is running.
2024-12-19 16:40:24,915 - root - INFO - Stopping PolariseMiner...
2024-12-19 16:40:24,946 - root - INFO - PolariseMiner stopped.
2024-12-19 16:40:24,947 - root - INFO - PolariseMiner stopped.
2024-12-21 06:15:27,791 - root - INFO - Initailizing the PolariseMiner............
2024-12-21 06:15:30,610 - polaris_subnet.miner.container - INFO - Initialized ContainerManager with host IP: 192.168.1.15
2024-12-21 06:15:30,648 - polaris_subnet.miner.container - INFO - Initialized ContainerManager with host IP: 192.168.1.15
2024-12-21 06:15:47,450 - root - INFO - Starting PolariseMiner on port 8000 (Attempt 1)...
2024-12-21 06:15:47,453 - polaris_subnet.miner.http_server - INFO - Server started on port 8080
2024-12-21 06:15:47,454 - root - INFO - PolariseMiner is running.
2024-12-21 06:16:17,003 - root - INFO - Stopping PolariseMiner...
2024-12-21 06:16:17,492 - root - INFO - PolariseMiner stopped.
2024-12-21 06:16:17,495 - root - INFO - PolariseMiner stopped.
2024-12-21 06:16:31,223 - root - INFO - Initailizing the PolariseMiner............
2024-12-21 06:16:31,236 - polaris_subnet.miner.container - INFO - Initialized ContainerManager with host IP: 192.168.1.15
2024-12-21 06:16:31,250 - polaris_subnet.miner.container - INFO - Initialized ContainerManager with host IP: 192.168.1.15
2024-12-21 06:16:46,818 - root - INFO - Starting PolariseMiner on port 8000 (Attempt 1)...
2024-12-21 06:16:46,823 - polaris_subnet.miner.http_server - INFO - Server started on port 8080
2024-12-21 06:16:46,824 - root - INFO - PolariseMiner is running.
2024-12-21 06:17:11,826 - root - INFO - Stopping PolariseMiner...
2024-12-21 06:17:11,853 - root - INFO - PolariseMiner stopped.
2024-12-21 06:17:11,854 - root - INFO - PolariseMiner stopped.
2024-12-24 18:24:37,952 - root - INFO - Initailizing the PolariseMiner............
2024-12-24 18:24:38,451 - polaris_subnet.miner.container - INFO - Initialized ContainerManager with host IP: 192.168.42.211
2024-12-24 18:24:38,479 - polaris_subnet.miner.container - INFO - Initialized ContainerManager with host IP: 192.168.42.211
2024-12-24 18:25:08,253 - root - INFO - Initailizing the PolariseMiner............
2024-12-24 18:25:08,268 - polaris_subnet.miner.container - INFO - Initialized ContainerManager with host IP: 192.168.42.211
2024-12-24 18:25:08,286 - polaris_subnet.miner.container - INFO - Initialized ContainerManager with host IP: 192.168.42.211
2024-12-24 18:25:28,953 - root - INFO - Starting PolariseMiner on port 8000 (Attempt 1)...
2024-12-24 18:25:28,993 - polaris_subnet.miner.http_server - INFO - Server started on port 8080
2024-12-24 18:25:28,996 - root - INFO - PolariseMiner is running.
2024-12-24 18:25:46,396 - root - INFO - Stopping PolariseMiner...
2024-12-24 18:25:46,661 - root - INFO - PolariseMiner stopped.
2024-12-24 18:25:46,662 - root - INFO - PolariseMiner stopped.
2024-12-28 12:12:35,125 - root - INFO - Initailizing the PolariseMiner............
2024-12-28 12:12:35,418 - polaris_subnet.miner.container - INFO - Initialized ContainerManager with host IP: 192.168.1.15
2024-12-28 12:12:35,431 - polaris_subnet.miner.container - INFO - Initialized ContainerManager with host IP: 192.168.1.15
2024-12-28 12:12:56,654 - root - INFO - Starting PolariseMiner on port 8000 (Attempt 1)...
2024-12-28 12:12:56,659 - polaris_subnet.miner.http_server - INFO - Server started on port 8080
2024-12-28 12:12:56,660 - root - INFO - PolariseMiner is running.
2024-12-28 12:34:22,455 - root - INFO - Stopping PolariseMiner...
2024-12-28 12:34:22,606 - root - INFO - PolariseMiner stopped.
2024-12-28 12:34:22,606 - root - INFO - PolariseMiner stopped.
2024-12-28 13:16:16,936 - root - INFO - Initailizing the PolariseMiner............
2024-12-28 13:16:17,612 - polaris_subnet.miner.container - INFO - Initialized ContainerManager with host IP: 192.168.1.15
2024-12-28 13:16:17,665 - polaris_subnet.miner.container - INFO - Initialized ContainerManager with host IP: 192.168.1.15
2024-12-28 13:16:37,790 - root - INFO - Starting PolariseMiner on port 8000 (Attempt 1)...
2024-12-28 13:16:37,805 - polaris_subnet.miner.http_server - INFO - Server started on port 8080
2024-12-28 13:16:37,805 - root - INFO - PolariseMiner is running.
2024-12-28 13:17:38,069 - root - INFO - Stopping PolariseMiner...
2024-12-28 13:17:38,207 - root - INFO - PolariseMiner stopped.
2024-12-28 13:17:38,209 - root - INFO - PolariseMiner stopped.
2024-12-28 14:46:13,288 - root - INFO - Initailizing the PolariseMiner............
2024-12-28 14:46:13,303 - polaris_subnet.miner.container - INFO - Initialized ContainerManager with host IP: 192.168.1.15
2024-12-28 14:46:13,315 - polaris_subnet.miner.container - INFO - Initialized ContainerManager with host IP: 192.168.1.15
2024-12-28 14:46:27,396 - root - INFO - Starting PolariseMiner on port 8000 (Attempt 1)...
2024-12-28 14:46:27,401 - polaris_subnet.miner.http_server - INFO - Server started on port 8080
2024-12-28 14:46:27,401 - root - INFO - PolariseMiner is running.
2024-12-28 14:51:34,340 - root - INFO - Stopping PolariseMiner...
2024-12-28 14:51:34,476 - root - INFO - PolariseMiner stopped.
2024-12-28 14:51:34,480 - root - INFO - PolariseMiner stopped.
2024-12-28 14:51:51,244 - root - INFO - Initailizing the PolariseMiner............
2024-12-28 14:52:04,993 - root - INFO - Starting PolariseMiner on port 8000 (Attempt 1)...
2024-12-28 14:52:04,996 - root - INFO - PolariseMiner is running.
2024-12-28 15:12:27,185 - root - INFO - Stopping PolariseMiner...
2024-12-28 15:12:27,691 - root - INFO - PolariseMiner stopped.
2024-12-28 15:12:27,696 - root - INFO - PolariseMiner stopped.
2024-12-28 15:12:50,349 - root - INFO - Initailizing the PolariseMiner............
2024-12-28 15:13:04,879 - root - INFO - Starting PolariseMiner on port 8000 (Attempt 1)...
2024-12-28 15:13:04,883 - root - INFO - PolariseMiner is running.
2024-12-28 15:14:18,934 - root - INFO - Stopping PolariseMiner...
2024-12-28 15:14:19,138 - root - INFO - PolariseMiner stopped.
2024-12-28 15:14:19,141 - root - INFO - PolariseMiner stopped.
2024-12-28 15:14:19,396 - asyncio - ERROR - Task was destroyed but it is pending!
task: <Task pending name='Task-1' coro=<PolarisMiner.periodic_fetch_container_data() running at /home/tobius/.cache/pypoetry/virtualenvs/polaris-subnet-z_bpSLHu-py3.10/lib/python3.10/site-packages/polaris_subnet/miner/Polarisnode.py:30>>
2024-12-28 15:20:09,708 - root - INFO - Initailizing the PolariseMiner............
2024-12-28 15:20:24,036 - root - INFO - Starting PolariseMiner on port 8000 (Attempt 1)...
2024-12-28 15:20:24,041 - root - INFO - PolariseMiner is running.
2024-12-28 15:23:43,440 - root - INFO - Stopping PolariseMiner...
2024-12-28 15:23:43,654 - root - INFO - PolariseMiner stopped.
2024-12-28 15:23:43,657 - root - INFO - PolariseMiner stopped.
2024-12-28 15:23:43,925 - asyncio - ERROR - Task was destroyed but it is pending!
task: <Task pending name='Task-1' coro=<Miner.periodic_fetch_container_data() running at /home/tobius/.cache/pypoetry/virtualenvs/polaris-subnet-z_bpSLHu-py3.10/lib/python3.10/site-packages/polaris_subnet/miner/__init__.py:62>>
2024-12-28 15:24:03,495 - root - INFO - Initailizing the PolariseMiner............
2024-12-28 15:24:18,254 - root - INFO - Starting PolariseMiner on port 8000 (Attempt 1)...
2024-12-28 15:24:18,257 - root - INFO - PolariseMiner is running.
2024-12-28 15:27:41,810 - root - INFO - Stopping PolariseMiner...
2024-12-28 15:27:42,176 - root - INFO - PolariseMiner stopped.
2024-12-28 15:27:42,178 - root - INFO - PolariseMiner stopped.
2024-12-28 15:27:42,432 - asyncio - ERROR - Task was destroyed but it is pending!
task: <Task pending name='Task-1' coro=<Miner.periodic_fetch_container_data() running at /home/tobius/.cache/pypoetry/virtualenvs/polaris-subnet-z_bpSLHu-py3.10/lib/python3.10/site-packages/polaris_subnet/miner/__init__.py:62>>
2024-12-28 15:27:53,673 - root - INFO - Initailizing the PolariseMiner............
2024-12-28 15:29:26,399 - root - INFO - Initailizing the PolariseMiner............
2024-12-28 15:31:51,389 - root - INFO - Initailizing the PolariseMiner............
2024-12-28 15:35:39,988 - root - INFO - Initailizing the PolariseMiner............
2024-12-28 15:35:51,257 - root - INFO - Initailizing the PolariseMiner............
2024-12-28 15:36:05,060 - root - INFO - Starting PolariseMiner on port 8000 (Attempt 1)...
2024-12-28 15:36:05,064 - root - INFO - PolariseMiner is running.
2024-12-28 15:36:24,350 - root - INFO - Stopping PolariseMiner...
2024-12-28 15:36:24,751 - root - INFO - PolariseMiner stopped.
2024-12-28 15:36:24,753 - root - INFO - PolariseMiner stopped.
2024-12-28 15:52:15,761 - root - INFO - Initailizing the PolariseMiner............
2024-12-28 15:52:29,428 - root - INFO - Starting PolariseMiner on port 8000 (Attempt 1)...
2024-12-28 15:52:29,432 - root - INFO - PolariseMiner is running.
2024-12-28 15:53:02,231 - root - INFO - Stopping PolariseMiner...
2024-12-28 15:53:02,640 - root - INFO - PolariseMiner stopped.
2024-12-28 15:53:02,642 - root - INFO - PolariseMiner stopped.
2024-12-28 15:54:22,996 - root - INFO - Initailizing the PolariseMiner............
2024-12-28 15:54:36,894 - root - INFO - Starting PolariseMiner on port 8000 (Attempt 1)...
2024-12-28 15:54:36,897 - root - INFO - PolariseMiner is running.
2024-12-28 15:54:56,170 - root - INFO - Stopping PolariseMiner...
2024-12-28 15:54:56,619 - root - INFO - PolariseMiner stopped.
2024-12-28 15:54:56,621 - root - INFO - PolariseMiner stopped.
2024-12-28 16:18:51,244 - root - INFO - Initailizing the PolariseMiner............
2024-12-28 16:19:05,927 - root - INFO - Starting PolariseMiner on port 8000 (Attempt 1)...
2024-12-28 16:19:05,931 - root - INFO - PolariseMiner is running.
2024-12-28 16:19:25,708 - root - INFO - Stopping PolariseMiner...
2024-12-28 16:19:25,786 - root - INFO - PolariseMiner stopped.
2024-12-28 16:19:25,787 - root - INFO - PolariseMiner stopped.
2024-12-28 16:23:33,842 - root - INFO - Initailizing the PolariseMiner............
2024-12-28 16:23:48,103 - root - INFO - Starting PolariseMiner on port 8000 (Attempt 1)...
2024-12-28 16:23:48,107 - root - INFO - PolariseMiner is running.
2024-12-28 16:24:52,132 - root - INFO - Initailizing the PolariseMiner............
2024-12-28 16:25:06,544 - root - INFO - Starting PolariseMiner on port 8000 (Attempt 1)...
2024-12-28 16:25:06,547 - root - INFO - PolariseMiner is running.
2024-12-28 16:25:28,267 - ContainerLogger - INFO - Total containers today: 0
2024-12-28 16:25:28,269 - ContainerLogger - INFO - Active containers today: 0
2024-12-28 16:25:28,271 - ContainerLogger - INFO - Terminated containers today: 0
2024-12-28 16:25:59,090 - ContainerLogger - INFO - Total containers today: 0
2024-12-28 16:25:59,092 - ContainerLogger - INFO - Active containers today: 0
2024-12-28 16:25:59,093 - ContainerLogger - INFO - Terminated containers today: 0
2024-12-28 16:26:29,907 - ContainerLogger - INFO - Total containers today: 0
2024-12-28 16:26:29,908 - ContainerLogger - INFO - Active containers today: 0
2024-12-28 16:26:29,910 - ContainerLogger - INFO - Terminated containers today: 0
2024-12-28 16:26:33,953 - asyncio - ERROR - Task exception was never retrieved
future: <Task finished name='Task-1' coro=<Miner.serve_async() done, defined at /home/tobius/.cache/pypoetry/virtualenvs/polaris-subnet-z_bpSLHu-py3.10/lib/python3.10/site-packages/polaris_subnet/miner/__init__.py:76> exception=KeyboardInterrupt()>
Traceback (most recent call last):
  File "/home/tobius/.cache/pypoetry/virtualenvs/polaris-subnet-z_bpSLHu-py3.10/lib/python3.10/site-packages/typer/core.py", line 225, in _main
    rv = self.invoke(ctx)
  File "/home/tobius/.cache/pypoetry/virtualenvs/polaris-subnet-z_bpSLHu-py3.10/lib/python3.10/site-packages/click/core.py", line 1688, in invoke
    return _process_result(sub_ctx.command.invoke(sub_ctx))
  File "/home/tobius/.cache/pypoetry/virtualenvs/polaris-subnet-z_bpSLHu-py3.10/lib/python3.10/site-packages/click/core.py", line 1434, in invoke
    return ctx.invoke(self.callback, **ctx.params)
  File "/home/tobius/.cache/pypoetry/virtualenvs/polaris-subnet-z_bpSLHu-py3.10/lib/python3.10/site-packages/click/core.py", line 783, in invoke
    return __callback(*args, **kwargs)
  File "/home/tobius/.cache/pypoetry/virtualenvs/polaris-subnet-z_bpSLHu-py3.10/lib/python3.10/site-packages/typer/main.py", line 683, in wrapper
    return callback(**use_params)  # type: ignore
  File "/media/tobius/Transcend/Jarvis/polaris/polaris_subnet/cli.py", line 87, in miner
    miner.serve()
  File "/home/tobius/.cache/pypoetry/virtualenvs/polaris-subnet-z_bpSLHu-py3.10/lib/python3.10/site-packages/polaris_subnet/miner/__init__.py", line 128, in serve
    asyncio.run(self.serve_async())
  File "/usr/lib/python3.10/asyncio/runners.py", line 47, in run
    _cancel_all_tasks(loop)
  File "/usr/lib/python3.10/asyncio/runners.py", line 63, in _cancel_all_tasks
    loop.run_until_complete(tasks.gather(*to_cancel, return_exceptions=True))
  File "/usr/lib/python3.10/asyncio/base_events.py", line 636, in run_until_complete
    self.run_forever()
  File "/usr/lib/python3.10/asyncio/base_events.py", line 603, in run_forever
    self._run_once()
  File "/usr/lib/python3.10/asyncio/base_events.py", line 1909, in _run_once
    handle._run()
  File "/usr/lib/python3.10/asyncio/events.py", line 80, in _run
    self._context.run(self._callback, *self._args)
  File "/home/tobius/.cache/pypoetry/virtualenvs/polaris-subnet-z_bpSLHu-py3.10/lib/python3.10/site-packages/polaris_subnet/miner/__init__.py", line 96, in serve_async
    await asyncio.gather(
  File "/usr/lib/python3.10/asyncio/runners.py", line 44, in run
    return loop.run_until_complete(main)
  File "/usr/lib/python3.10/asyncio/base_events.py", line 636, in run_until_complete
    self.run_forever()
  File "/usr/lib/python3.10/asyncio/base_events.py", line 603, in run_forever
    self._run_once()
  File "/usr/lib/python3.10/asyncio/base_events.py", line 1909, in _run_once
    handle._run()
  File "/usr/lib/python3.10/asyncio/events.py", line 80, in _run
    self._context.run(self._callback, *self._args)
  File "/home/tobius/.cache/pypoetry/virtualenvs/polaris-subnet-z_bpSLHu-py3.10/lib/python3.10/site-packages/uvicorn/server.py", line 68, in serve
    with self.capture_signals():
  File "/usr/lib/python3.10/contextlib.py", line 142, in __exit__
    next(self.gen)
  File "/home/tobius/.cache/pypoetry/virtualenvs/polaris-subnet-z_bpSLHu-py3.10/lib/python3.10/site-packages/uvicorn/server.py", line 328, in capture_signals
    signal.raise_signal(captured_signal)
KeyboardInterrupt
2024-12-28 16:27:14,916 - root - INFO - Initailizing the PolariseMiner............
2024-12-28 16:27:30,384 - root - INFO - Starting PolariseMiner on port 8000 (Attempt 1)...
2024-12-28 16:27:30,388 - root - INFO - PolariseMiner is running.
2024-12-28 16:27:59,601 - ContainerLogger - INFO - Total containers today: 0
2024-12-28 16:27:59,602 - ContainerLogger - INFO - Active containers today: 0
2024-12-28 16:27:59,603 - ContainerLogger - INFO - Terminated containers today: 0
2024-12-28 16:28:30,344 - ContainerLogger - INFO - Total containers today: 0
2024-12-28 16:28:30,346 - ContainerLogger - INFO - Active containers today: 0
2024-12-28 16:28:30,347 - ContainerLogger - INFO - Terminated containers today: 0
2024-12-28 16:29:01,373 - ContainerLogger - INFO - Total containers today: 0
2024-12-28 16:29:01,376 - ContainerLogger - INFO - Active containers today: 0
2024-12-28 16:29:01,378 - ContainerLogger - INFO - Terminated containers today: 0
2024-12-28 16:29:32,398 - ContainerLogger - INFO - Total containers today: 0
2024-12-28 16:29:32,403 - ContainerLogger - INFO - Active containers today: 0
2024-12-28 16:29:32,408 - ContainerLogger - INFO - Terminated containers today: 0
2024-12-28 16:30:03,381 - ContainerLogger - INFO - Total containers today: 0
2024-12-28 16:30:03,383 - ContainerLogger - INFO - Active containers today: 0
2024-12-28 16:30:03,385 - ContainerLogger - INFO - Terminated containers today: 0
2024-12-28 16:30:34,389 - ContainerLogger - INFO - Total containers today: 0
2024-12-28 16:30:34,390 - ContainerLogger - INFO - Active containers today: 0
2024-12-28 16:30:34,391 - ContainerLogger - INFO - Terminated containers today: 0
2024-12-28 16:31:05,190 - ContainerLogger - INFO - Total containers today: 0
2024-12-28 16:31:05,194 - ContainerLogger - INFO - Active containers today: 0
2024-12-28 16:31:05,196 - ContainerLogger - INFO - Terminated containers today: 0
2024-12-28 16:31:36,790 - ContainerLogger - INFO - Total containers today: 0
2024-12-28 16:31:36,791 - ContainerLogger - INFO - Active containers today: 0
2024-12-28 16:31:36,791 - ContainerLogger - INFO - Terminated containers today: 0
2024-12-28 16:32:07,793 - ContainerLogger - INFO - Total containers today: 0
2024-12-28 16:32:07,795 - ContainerLogger - INFO - Active containers today: 0
2024-12-28 16:32:07,797 - ContainerLogger - INFO - Terminated containers today: 0
2024-12-28 16:32:38,543 - ContainerLogger - INFO - Total containers today: 0
2024-12-28 16:32:38,545 - ContainerLogger - INFO - Active containers today: 0
2024-12-28 16:32:38,547 - ContainerLogger - INFO - Terminated containers today: 0
2024-12-28 16:33:09,304 - ContainerLogger - INFO - Total containers today: 0
2024-12-28 16:33:09,306 - ContainerLogger - INFO - Active containers today: 0
2024-12-28 16:33:09,307 - ContainerLogger - INFO - Terminated containers today: 0
2024-12-28 16:33:40,696 - ContainerLogger - INFO - Total containers today: 0
2024-12-28 16:33:40,701 - ContainerLogger - INFO - Active containers today: 0
2024-12-28 16:33:40,709 - ContainerLogger - INFO - Terminated containers today: 0
2024-12-28 16:34:11,632 - ContainerLogger - INFO - Total containers today: 0
2024-12-28 16:34:11,717 - ContainerLogger - INFO - Active containers today: 0
2024-12-28 16:34:11,719 - ContainerLogger - INFO - Terminated containers today: 0
2024-12-28 16:34:42,489 - ContainerLogger - INFO - Total containers today: 0
2024-12-28 16:34:42,696 - ContainerLogger - INFO - Active containers today: 0
2024-12-28 16:34:42,699 - ContainerLogger - INFO - Terminated containers today: 0
2024-12-28 16:35:14,307 - ContainerLogger - INFO - Total containers today: 0
2024-12-28 16:35:14,309 - ContainerLogger - INFO - Active containers today: 0
2024-12-28 16:35:14,314 - ContainerLogger - INFO - Terminated containers today: 0
2024-12-28 16:35:45,734 - ContainerLogger - INFO - Total containers today: 0
2024-12-28 16:35:45,736 - ContainerLogger - INFO - Active containers today: 0
2024-12-28 16:35:45,737 - ContainerLogger - INFO - Terminated containers today: 0
2024-12-28 16:36:16,689 - ContainerLogger - INFO - Total containers today: 0
2024-12-28 16:36:16,691 - ContainerLogger - INFO - Active containers today: 0
2024-12-28 16:36:16,693 - ContainerLogger - INFO - Terminated containers today: 0
2024-12-28 16:36:33,583 - asyncio - ERROR - Task exception was never retrieved
future: <Task finished name='Task-1' coro=<Miner.serve_async() done, defined at /home/tobius/.cache/pypoetry/virtualenvs/polaris-subnet-z_bpSLHu-py3.10/lib/python3.10/site-packages/polaris_subnet/miner/__init__.py:76> exception=KeyboardInterrupt()>
Traceback (most recent call last):
  File "/home/tobius/.cache/pypoetry/virtualenvs/polaris-subnet-z_bpSLHu-py3.10/lib/python3.10/site-packages/typer/core.py", line 225, in _main
    rv = self.invoke(ctx)
  File "/home/tobius/.cache/pypoetry/virtualenvs/polaris-subnet-z_bpSLHu-py3.10/lib/python3.10/site-packages/click/core.py", line 1688, in invoke
    return _process_result(sub_ctx.command.invoke(sub_ctx))
  File "/home/tobius/.cache/pypoetry/virtualenvs/polaris-subnet-z_bpSLHu-py3.10/lib/python3.10/site-packages/click/core.py", line 1434, in invoke
    return ctx.invoke(self.callback, **ctx.params)
  File "/home/tobius/.cache/pypoetry/virtualenvs/polaris-subnet-z_bpSLHu-py3.10/lib/python3.10/site-packages/click/core.py", line 783, in invoke
    return __callback(*args, **kwargs)
  File "/home/tobius/.cache/pypoetry/virtualenvs/polaris-subnet-z_bpSLHu-py3.10/lib/python3.10/site-packages/typer/main.py", line 683, in wrapper
    return callback(**use_params)  # type: ignore
  File "/media/tobius/Transcend/Jarvis/polaris/polaris_subnet/cli.py", line 87, in miner
    miner.serve()
  File "/home/tobius/.cache/pypoetry/virtualenvs/polaris-subnet-z_bpSLHu-py3.10/lib/python3.10/site-packages/polaris_subnet/miner/__init__.py", line 128, in serve
    asyncio.run(self.serve_async())
  File "/usr/lib/python3.10/asyncio/runners.py", line 47, in run
    _cancel_all_tasks(loop)
  File "/usr/lib/python3.10/asyncio/runners.py", line 63, in _cancel_all_tasks
    loop.run_until_complete(tasks.gather(*to_cancel, return_exceptions=True))
  File "/usr/lib/python3.10/asyncio/base_events.py", line 636, in run_until_complete
    self.run_forever()
  File "/usr/lib/python3.10/asyncio/base_events.py", line 603, in run_forever
    self._run_once()
  File "/usr/lib/python3.10/asyncio/base_events.py", line 1909, in _run_once
    handle._run()
  File "/usr/lib/python3.10/asyncio/events.py", line 80, in _run
    self._context.run(self._callback, *self._args)
  File "/home/tobius/.cache/pypoetry/virtualenvs/polaris-subnet-z_bpSLHu-py3.10/lib/python3.10/site-packages/polaris_subnet/miner/__init__.py", line 96, in serve_async
    await asyncio.gather(
  File "/usr/lib/python3.10/asyncio/runners.py", line 44, in run
    return loop.run_until_complete(main)
  File "/usr/lib/python3.10/asyncio/base_events.py", line 636, in run_until_complete
    self.run_forever()
  File "/usr/lib/python3.10/asyncio/base_events.py", line 603, in run_forever
    self._run_once()
  File "/usr/lib/python3.10/asyncio/base_events.py", line 1909, in _run_once
    handle._run()
  File "/usr/lib/python3.10/asyncio/events.py", line 80, in _run
    self._context.run(self._callback, *self._args)
  File "/home/tobius/.cache/pypoetry/virtualenvs/polaris-subnet-z_bpSLHu-py3.10/lib/python3.10/site-packages/uvicorn/server.py", line 68, in serve
    with self.capture_signals():
  File "/usr/lib/python3.10/contextlib.py", line 142, in __exit__
    next(self.gen)
  File "/home/tobius/.cache/pypoetry/virtualenvs/polaris-subnet-z_bpSLHu-py3.10/lib/python3.10/site-packages/uvicorn/server.py", line 328, in capture_signals
    signal.raise_signal(captured_signal)
KeyboardInterrupt
2024-12-28 16:38:20,675 - root - INFO - Initailizing the PolariseMiner............
2024-12-28 16:38:35,402 - root - INFO - Starting PolariseMiner on port 8000 (Attempt 1)...
2024-12-28 16:38:35,406 - root - INFO - PolariseMiner is running.
2024-12-28 16:39:01,408 - ContainerLogger - INFO - Total containers today: 0
2024-12-28 16:39:01,413 - ContainerLogger - INFO - Active containers today: 0
2024-12-28 16:39:01,415 - ContainerLogger - INFO - Terminated containers today: 0
2024-12-28 16:39:32,220 - ContainerLogger - INFO - Total containers today: 0
2024-12-28 16:39:32,493 - ContainerLogger - INFO - Active containers today: 0
2024-12-28 16:39:32,496 - ContainerLogger - INFO - Terminated containers today: 0
2024-12-28 16:40:03,223 - ContainerLogger - INFO - Total containers today: 0
2024-12-28 16:40:03,477 - ContainerLogger - INFO - Active containers today: 0
2024-12-28 16:40:03,481 - ContainerLogger - INFO - Terminated containers today: 0
2024-12-28 16:40:34,835 - ContainerLogger - INFO - Total containers today: 0
2024-12-28 16:40:34,837 - ContainerLogger - INFO - Active containers today: 0
2024-12-28 16:40:34,839 - ContainerLogger - INFO - Terminated containers today: 0
2024-12-28 16:41:05,786 - ContainerLogger - INFO - Total containers today: 0
2024-12-28 16:41:05,931 - ContainerLogger - INFO - Active containers today: 0
2024-12-28 16:41:05,932 - ContainerLogger - INFO - Terminated containers today: 0
2024-12-28 16:41:36,682 - ContainerLogger - INFO - Total containers today: 0
2024-12-28 16:41:36,912 - ContainerLogger - INFO - Active containers today: 0
2024-12-28 16:41:36,920 - ContainerLogger - INFO - Terminated containers today: 0
2024-12-28 16:41:40,277 - asyncio - ERROR - Task exception was never retrieved
future: <Task finished name='Task-1' coro=<Miner.serve_async() done, defined at /home/tobius/.cache/pypoetry/virtualenvs/polaris-subnet-z_bpSLHu-py3.10/lib/python3.10/site-packages/polaris_subnet/miner/__init__.py:75> exception=KeyboardInterrupt()>
Traceback (most recent call last):
  File "/home/tobius/.cache/pypoetry/virtualenvs/polaris-subnet-z_bpSLHu-py3.10/lib/python3.10/site-packages/typer/core.py", line 225, in _main
    rv = self.invoke(ctx)
  File "/home/tobius/.cache/pypoetry/virtualenvs/polaris-subnet-z_bpSLHu-py3.10/lib/python3.10/site-packages/click/core.py", line 1688, in invoke
    return _process_result(sub_ctx.command.invoke(sub_ctx))
  File "/home/tobius/.cache/pypoetry/virtualenvs/polaris-subnet-z_bpSLHu-py3.10/lib/python3.10/site-packages/click/core.py", line 1434, in invoke
    return ctx.invoke(self.callback, **ctx.params)
  File "/home/tobius/.cache/pypoetry/virtualenvs/polaris-subnet-z_bpSLHu-py3.10/lib/python3.10/site-packages/click/core.py", line 783, in invoke
    return __callback(*args, **kwargs)
  File "/home/tobius/.cache/pypoetry/virtualenvs/polaris-subnet-z_bpSLHu-py3.10/lib/python3.10/site-packages/typer/main.py", line 683, in wrapper
    return callback(**use_params)  # type: ignore
  File "/media/tobius/Transcend/Jarvis/polaris/polaris_subnet/cli.py", line 87, in miner
    miner.serve()
  File "/home/tobius/.cache/pypoetry/virtualenvs/polaris-subnet-z_bpSLHu-py3.10/lib/python3.10/site-packages/polaris_subnet/miner/__init__.py", line 127, in serve
    asyncio.run(self.serve_async())
  File "/usr/lib/python3.10/asyncio/runners.py", line 47, in run
    _cancel_all_tasks(loop)
  File "/usr/lib/python3.10/asyncio/runners.py", line 63, in _cancel_all_tasks
    loop.run_until_complete(tasks.gather(*to_cancel, return_exceptions=True))
  File "/usr/lib/python3.10/asyncio/base_events.py", line 636, in run_until_complete
    self.run_forever()
  File "/usr/lib/python3.10/asyncio/base_events.py", line 603, in run_forever
    self._run_once()
  File "/usr/lib/python3.10/asyncio/base_events.py", line 1909, in _run_once
    handle._run()
  File "/usr/lib/python3.10/asyncio/events.py", line 80, in _run
    self._context.run(self._callback, *self._args)
  File "/home/tobius/.cache/pypoetry/virtualenvs/polaris-subnet-z_bpSLHu-py3.10/lib/python3.10/site-packages/polaris_subnet/miner/__init__.py", line 95, in serve_async
    await asyncio.gather(
  File "/usr/lib/python3.10/asyncio/runners.py", line 44, in run
    return loop.run_until_complete(main)
  File "/usr/lib/python3.10/asyncio/base_events.py", line 636, in run_until_complete
    self.run_forever()
  File "/usr/lib/python3.10/asyncio/base_events.py", line 603, in run_forever
    self._run_once()
  File "/usr/lib/python3.10/asyncio/base_events.py", line 1909, in _run_once
    handle._run()
  File "/usr/lib/python3.10/asyncio/events.py", line 80, in _run
    self._context.run(self._callback, *self._args)
  File "/home/tobius/.cache/pypoetry/virtualenvs/polaris-subnet-z_bpSLHu-py3.10/lib/python3.10/site-packages/uvicorn/server.py", line 68, in serve
    with self.capture_signals():
  File "/usr/lib/python3.10/contextlib.py", line 142, in __exit__
    next(self.gen)
  File "/home/tobius/.cache/pypoetry/virtualenvs/polaris-subnet-z_bpSLHu-py3.10/lib/python3.10/site-packages/uvicorn/server.py", line 328, in capture_signals
    signal.raise_signal(captured_signal)
KeyboardInterrupt
2024-12-28 17:26:18,472 - root - INFO - Initailizing the PolariseMiner............
2024-12-28 17:26:35,046 - root - INFO - Starting PolariseMiner on port 8000 (Attempt 1)...
2024-12-28 17:26:35,051 - root - INFO - PolariseMiner is running.
2024-12-28 17:26:58,341 - ContainerLogger - INFO - Total containers today: 0
2024-12-28 17:26:58,342 - ContainerLogger - INFO - Active containers today: 0
2024-12-28 17:26:58,343 - ContainerLogger - INFO - Terminated containers today: 0
2024-12-28 17:27:29,340 - ContainerLogger - INFO - Total containers today: 0
2024-12-28 17:27:29,342 - ContainerLogger - INFO - Active containers today: 0
2024-12-28 17:27:29,344 - ContainerLogger - INFO - Terminated containers today: 0
2024-12-28 17:28:00,316 - ContainerLogger - INFO - Total containers today: 0
2024-12-28 17:28:00,317 - ContainerLogger - INFO - Active containers today: 0
2024-12-28 17:28:00,318 - ContainerLogger - INFO - Terminated containers today: 0
2024-12-28 17:28:31,131 - ContainerLogger - INFO - Total containers today: 0
2024-12-28 17:28:31,133 - ContainerLogger - INFO - Active containers today: 0
2024-12-28 17:28:31,134 - ContainerLogger - INFO - Terminated containers today: 0
2024-12-28 17:29:02,116 - ContainerLogger - INFO - Total containers today: 0
2024-12-28 17:29:02,117 - ContainerLogger - INFO - Active containers today: 0
2024-12-28 17:29:02,119 - ContainerLogger - INFO - Terminated containers today: 0
2024-12-28 17:29:33,530 - ContainerLogger - INFO - Total containers today: 0
2024-12-28 17:29:33,531 - ContainerLogger - INFO - Active containers today: 0
2024-12-28 17:29:33,532 - ContainerLogger - INFO - Terminated containers today: 0
2024-12-28 17:30:04,259 - ContainerLogger - INFO - Total containers today: 0
2024-12-28 17:30:04,259 - ContainerLogger - INFO - Active containers today: 0
2024-12-28 17:30:04,260 - ContainerLogger - INFO - Terminated containers today: 0
2024-12-28 17:30:35,016 - ContainerLogger - INFO - Total containers today: 0
2024-12-28 17:30:35,017 - ContainerLogger - INFO - Active containers today: 0
2024-12-28 17:30:35,018 - ContainerLogger - INFO - Terminated containers today: 0
2024-12-28 17:31:05,755 - ContainerLogger - INFO - Total containers today: 0
2024-12-28 17:31:05,756 - ContainerLogger - INFO - Active containers today: 0
2024-12-28 17:31:05,757 - ContainerLogger - INFO - Terminated containers today: 0
2024-12-28 17:31:36,722 - ContainerLogger - INFO - Total containers today: 0
2024-12-28 17:31:36,724 - ContainerLogger - INFO - Active containers today: 0
2024-12-28 17:31:36,725 - ContainerLogger - INFO - Terminated containers today: 0
2024-12-28 17:32:07,521 - ContainerLogger - INFO - Total containers today: 0
2024-12-28 17:32:07,522 - ContainerLogger - INFO - Active containers today: 0
2024-12-28 17:32:07,523 - ContainerLogger - INFO - Terminated containers today: 0
2024-12-28 17:32:38,329 - ContainerLogger - INFO - Total containers today: 0
2024-12-28 17:32:38,330 - ContainerLogger - INFO - Active containers today: 0
2024-12-28 17:32:38,331 - ContainerLogger - INFO - Terminated containers today: 0
2024-12-28 17:33:09,122 - ContainerLogger - INFO - Total containers today: 0
2024-12-28 17:33:09,123 - ContainerLogger - INFO - Active containers today: 0
2024-12-28 17:33:09,124 - ContainerLogger - INFO - Terminated containers today: 0
2024-12-28 17:33:39,918 - ContainerLogger - INFO - Total containers today: 0
2024-12-28 17:33:39,919 - ContainerLogger - INFO - Active containers today: 0
2024-12-28 17:33:39,919 - ContainerLogger - INFO - Terminated containers today: 0
2024-12-28 17:34:10,632 - ContainerLogger - INFO - Total containers today: 0
2024-12-28 17:34:10,632 - ContainerLogger - INFO - Active containers today: 0
2024-12-28 17:34:10,633 - ContainerLogger - INFO - Terminated containers today: 0
2024-12-28 17:34:41,417 - ContainerLogger - INFO - Total containers today: 0
2024-12-28 17:34:41,419 - ContainerLogger - INFO - Active containers today: 0
2024-12-28 17:34:41,421 - ContainerLogger - INFO - Terminated containers today: 0
2024-12-28 17:35:12,148 - ContainerLogger - INFO - Total containers today: 0
2024-12-28 17:35:12,149 - ContainerLogger - INFO - Active containers today: 0
2024-12-28 17:35:12,149 - ContainerLogger - INFO - Terminated containers today: 0
2024-12-28 17:35:42,921 - ContainerLogger - INFO - Total containers today: 0
2024-12-28 17:35:42,923 - ContainerLogger - INFO - Active containers today: 0
2024-12-28 17:35:42,924 - ContainerLogger - INFO - Terminated containers today: 0
2024-12-28 17:36:13,642 - ContainerLogger - INFO - Total containers today: 0
2024-12-28 17:36:13,643 - ContainerLogger - INFO - Active containers today: 0
2024-12-28 17:36:13,644 - ContainerLogger - INFO - Terminated containers today: 0
2024-12-28 17:36:44,420 - ContainerLogger - INFO - Total containers today: 0
2024-12-28 17:36:44,427 - ContainerLogger - INFO - Active containers today: 0
2024-12-28 17:36:44,433 - ContainerLogger - INFO - Terminated containers today: 0
2024-12-28 17:37:15,430 - ContainerLogger - INFO - Total containers today: 0
2024-12-28 17:37:15,431 - ContainerLogger - INFO - Active containers today: 0
2024-12-28 17:37:15,432 - ContainerLogger - INFO - Terminated containers today: 0
2024-12-28 17:37:46,238 - ContainerLogger - INFO - Total containers today: 0
2024-12-28 17:37:46,239 - ContainerLogger - INFO - Active containers today: 0
2024-12-28 17:37:46,241 - ContainerLogger - INFO - Terminated containers today: 0
2024-12-28 17:38:17,226 - ContainerLogger - INFO - Total containers today: 0
2024-12-28 17:38:17,228 - ContainerLogger - INFO - Active containers today: 0
2024-12-28 17:38:17,231 - ContainerLogger - INFO - Terminated containers today: 0
2024-12-28 17:38:48,872 - ContainerLogger - INFO - Total containers today: 0
2024-12-28 17:38:48,877 - ContainerLogger - INFO - Active containers today: 0
2024-12-28 17:38:48,881 - ContainerLogger - INFO - Terminated containers today: 0
2024-12-28 17:39:19,630 - ContainerLogger - INFO - Total containers today: 0
2024-12-28 17:39:19,631 - ContainerLogger - INFO - Active containers today: 0
2024-12-28 17:39:19,632 - ContainerLogger - INFO - Terminated containers today: 0
2024-12-28 17:39:50,361 - ContainerLogger - INFO - Total containers today: 0
2024-12-28 17:39:50,362 - ContainerLogger - INFO - Active containers today: 0
2024-12-28 17:39:50,364 - ContainerLogger - INFO - Terminated containers today: 0
2024-12-28 17:40:21,123 - ContainerLogger - INFO - Total containers today: 0
2024-12-28 17:40:21,126 - ContainerLogger - INFO - Active containers today: 0
2024-12-28 17:40:21,127 - ContainerLogger - INFO - Terminated containers today: 0
2024-12-28 17:40:52,442 - ContainerLogger - INFO - Total containers today: 0
2024-12-28 17:40:52,443 - ContainerLogger - INFO - Active containers today: 0
2024-12-28 17:40:52,445 - ContainerLogger - INFO - Terminated containers today: 0
2024-12-28 17:41:23,217 - ContainerLogger - INFO - Total containers today: 0
2024-12-28 17:41:23,218 - ContainerLogger - INFO - Active containers today: 0
2024-12-28 17:41:23,218 - ContainerLogger - INFO - Terminated containers today: 0
2024-12-28 17:41:54,026 - ContainerLogger - INFO - Total containers today: 0
2024-12-28 17:41:54,032 - ContainerLogger - INFO - Active containers today: 0
2024-12-28 17:41:54,034 - ContainerLogger - INFO - Terminated containers today: 0
2024-12-28 17:42:24,927 - ContainerLogger - INFO - Total containers today: 0
2024-12-28 17:42:24,928 - ContainerLogger - INFO - Active containers today: 0
2024-12-28 17:42:24,929 - ContainerLogger - INFO - Terminated containers today: 0
2024-12-28 17:42:55,714 - ContainerLogger - INFO - Total containers today: 0
2024-12-28 17:42:55,715 - ContainerLogger - INFO - Active containers today: 0
2024-12-28 17:42:55,716 - ContainerLogger - INFO - Terminated containers today: 0
2024-12-28 17:43:26,438 - ContainerLogger - INFO - Total containers today: 0
2024-12-28 17:43:26,439 - ContainerLogger - INFO - Active containers today: 0
2024-12-28 17:43:26,439 - ContainerLogger - INFO - Terminated containers today: 0
2024-12-28 17:43:57,362 - ContainerLogger - INFO - Total containers today: 0
2024-12-28 17:43:57,365 - ContainerLogger - INFO - Active containers today: 0
2024-12-28 17:43:57,366 - ContainerLogger - INFO - Terminated containers today: 0
2024-12-28 17:44:28,141 - ContainerLogger - INFO - Total containers today: 0
2024-12-28 17:44:28,141 - ContainerLogger - INFO - Active containers today: 0
2024-12-28 17:44:28,142 - ContainerLogger - INFO - Terminated containers today: 0
2024-12-28 17:44:58,878 - ContainerLogger - INFO - Total containers today: 0
2024-12-28 17:44:58,879 - ContainerLogger - INFO - Active containers today: 0
2024-12-28 17:44:58,880 - ContainerLogger - INFO - Terminated containers today: 0
2024-12-28 17:45:29,629 - ContainerLogger - INFO - Total containers today: 0
2024-12-28 17:45:29,644 - ContainerLogger - INFO - Active containers today: 0
2024-12-28 17:45:29,648 - ContainerLogger - INFO - Terminated containers today: 0
2024-12-28 17:46:01,042 - ContainerLogger - INFO - Total containers today: 0
2024-12-28 17:46:01,043 - ContainerLogger - INFO - Active containers today: 0
2024-12-28 17:46:01,044 - ContainerLogger - INFO - Terminated containers today: 0
2024-12-28 17:46:32,021 - ContainerLogger - INFO - Total containers today: 0
2024-12-28 17:46:32,022 - ContainerLogger - INFO - Active containers today: 0
2024-12-28 17:46:32,023 - ContainerLogger - INFO - Terminated containers today: 0
2024-12-28 17:47:02,754 - ContainerLogger - INFO - Total containers today: 0
2024-12-28 17:47:02,755 - ContainerLogger - INFO - Active containers today: 0
2024-12-28 17:47:02,756 - ContainerLogger - INFO - Terminated containers today: 0
2024-12-28 17:47:33,539 - ContainerLogger - INFO - Total containers today: 0
2024-12-28 17:47:33,540 - ContainerLogger - INFO - Active containers today: 0
2024-12-28 17:47:33,542 - ContainerLogger - INFO - Terminated containers today: 0
2024-12-28 17:48:04,422 - ContainerLogger - INFO - Total containers today: 0
2024-12-28 17:48:04,423 - ContainerLogger - INFO - Active containers today: 0
2024-12-28 17:48:04,424 - ContainerLogger - INFO - Terminated containers today: 0
2024-12-28 17:48:35,316 - ContainerLogger - INFO - Total containers today: 0
2024-12-28 17:48:35,317 - ContainerLogger - INFO - Active containers today: 0
2024-12-28 17:48:35,319 - ContainerLogger - INFO - Terminated containers today: 0
2024-12-28 17:49:06,030 - ContainerLogger - INFO - Total containers today: 0
2024-12-28 17:49:06,031 - ContainerLogger - INFO - Active containers today: 0
2024-12-28 17:49:06,032 - ContainerLogger - INFO - Terminated containers today: 0
2024-12-28 17:49:36,752 - ContainerLogger - INFO - Total containers today: 0
2024-12-28 17:49:36,753 - ContainerLogger - INFO - Active containers today: 0
2024-12-28 17:49:36,754 - ContainerLogger - INFO - Terminated containers today: 0
2024-12-28 17:50:07,458 - ContainerLogger - INFO - Total containers today: 0
2024-12-28 17:50:07,459 - ContainerLogger - INFO - Active containers today: 0
2024-12-28 17:50:07,460 - ContainerLogger - INFO - Terminated containers today: 0
2024-12-28 17:50:38,182 - ContainerLogger - INFO - Total containers today: 0
2024-12-28 17:50:38,186 - ContainerLogger - INFO - Active containers today: 0
2024-12-28 17:50:38,194 - ContainerLogger - INFO - Terminated containers today: 0
2024-12-28 17:51:08,918 - ContainerLogger - INFO - Total containers today: 0
2024-12-28 17:51:08,919 - ContainerLogger - INFO - Active containers today: 0
2024-12-28 17:51:08,922 - ContainerLogger - INFO - Terminated containers today: 0
2024-12-28 17:51:39,661 - ContainerLogger - INFO - Total containers today: 0
2024-12-28 17:51:39,661 - ContainerLogger - INFO - Active containers today: 0
2024-12-28 17:51:39,662 - ContainerLogger - INFO - Terminated containers today: 0
2024-12-28 17:52:10,387 - ContainerLogger - INFO - Total containers today: 0
2024-12-28 17:52:10,388 - ContainerLogger - INFO - Active containers today: 0
2024-12-28 17:52:10,388 - ContainerLogger - INFO - Terminated containers today: 0
2024-12-28 17:52:41,170 - ContainerLogger - INFO - Total containers today: 0
2024-12-28 17:52:41,171 - ContainerLogger - INFO - Active containers today: 0
2024-12-28 17:52:41,171 - ContainerLogger - INFO - Terminated containers today: 0
2024-12-28 17:53:12,470 - ContainerLogger - INFO - Total containers today: 0
2024-12-28 17:53:12,471 - ContainerLogger - INFO - Active containers today: 0
2024-12-28 17:53:12,471 - ContainerLogger - INFO - Terminated containers today: 0
2024-12-28 17:53:43,223 - ContainerLogger - INFO - Total containers today: 0
2024-12-28 17:53:43,224 - ContainerLogger - INFO - Active containers today: 0
2024-12-28 17:53:43,225 - ContainerLogger - INFO - Terminated containers today: 0
2024-12-28 17:54:13,960 - ContainerLogger - INFO - Total containers today: 0
2024-12-28 17:54:13,960 - ContainerLogger - INFO - Active containers today: 0
2024-12-28 17:54:13,961 - ContainerLogger - INFO - Terminated containers today: 0
2024-12-28 17:54:45,320 - ContainerLogger - INFO - Total containers today: 0
2024-12-28 17:54:45,322 - ContainerLogger - INFO - Active containers today: 0
2024-12-28 17:54:45,325 - ContainerLogger - INFO - Terminated containers today: 0
2024-12-28 17:55:16,072 - ContainerLogger - INFO - Total containers today: 0
2024-12-28 17:55:16,074 - ContainerLogger - INFO - Active containers today: 0
2024-12-28 17:55:16,075 - ContainerLogger - INFO - Terminated containers today: 0
2024-12-28 17:55:46,825 - ContainerLogger - INFO - Total containers today: 0
2024-12-28 17:55:46,826 - ContainerLogger - INFO - Active containers today: 0
2024-12-28 17:55:46,827 - ContainerLogger - INFO - Terminated containers today: 0
2024-12-28 17:56:18,150 - ContainerLogger - INFO - Total containers today: 0
2024-12-28 17:56:18,152 - ContainerLogger - INFO - Active containers today: 0
2024-12-28 17:56:18,153 - ContainerLogger - INFO - Terminated containers today: 0
2024-12-28 17:56:48,948 - ContainerLogger - INFO - Total containers today: 0
2024-12-28 17:56:48,948 - ContainerLogger - INFO - Active containers today: 0
2024-12-28 17:56:48,949 - ContainerLogger - INFO - Terminated containers today: 0
2024-12-28 17:57:19,697 - ContainerLogger - INFO - Total containers today: 0
2024-12-28 17:57:19,699 - ContainerLogger - INFO - Active containers today: 0
2024-12-28 17:57:19,700 - ContainerLogger - INFO - Terminated containers today: 0
2024-12-28 17:57:51,067 - ContainerLogger - INFO - Total containers today: 0
2024-12-28 17:57:51,068 - ContainerLogger - INFO - Active containers today: 0
2024-12-28 17:57:51,070 - ContainerLogger - INFO - Terminated containers today: 0
2024-12-28 17:58:22,429 - ContainerLogger - INFO - Total containers today: 0
2024-12-28 17:58:22,430 - ContainerLogger - INFO - Active containers today: 0
2024-12-28 17:58:22,430 - ContainerLogger - INFO - Terminated containers today: 0
2024-12-28 17:58:53,204 - ContainerLogger - INFO - Total containers today: 0
2024-12-28 17:58:53,206 - ContainerLogger - INFO - Active containers today: 0
2024-12-28 17:58:53,206 - ContainerLogger - INFO - Terminated containers today: 0
2024-12-28 17:59:23,978 - ContainerLogger - INFO - Total containers today: 0
2024-12-28 17:59:23,979 - ContainerLogger - INFO - Active containers today: 0
2024-12-28 17:59:23,980 - ContainerLogger - INFO - Terminated containers today: 0
2024-12-28 17:59:55,367 - ContainerLogger - INFO - Total containers today: 0
2024-12-28 17:59:55,374 - ContainerLogger - INFO - Active containers today: 0
2024-12-28 17:59:55,386 - ContainerLogger - INFO - Terminated containers today: 0
2024-12-28 18:00:26,127 - ContainerLogger - INFO - Total containers today: 0
2024-12-28 18:00:26,130 - ContainerLogger - INFO - Active containers today: 0
2024-12-28 18:00:26,131 - ContainerLogger - INFO - Terminated containers today: 0
2024-12-28 18:00:57,450 - ContainerLogger - INFO - Total containers today: 0
2024-12-28 18:00:57,451 - ContainerLogger - INFO - Active containers today: 0
2024-12-28 18:00:57,453 - ContainerLogger - INFO - Terminated containers today: 0
2024-12-28 18:01:28,153 - ContainerLogger - INFO - Total containers today: 0
2024-12-28 18:01:28,154 - ContainerLogger - INFO - Active containers today: 0
2024-12-28 18:01:28,154 - ContainerLogger - INFO - Terminated containers today: 0
2024-12-28 18:01:59,131 - ContainerLogger - INFO - Total containers today: 0
2024-12-28 18:01:59,144 - ContainerLogger - INFO - Active containers today: 0
2024-12-28 18:01:59,148 - ContainerLogger - INFO - Terminated containers today: 0
2024-12-28 18:02:30,010 - ContainerLogger - INFO - Total containers today: 0
2024-12-28 18:02:30,012 - ContainerLogger - INFO - Active containers today: 0
2024-12-28 18:02:30,014 - ContainerLogger - INFO - Terminated containers today: 0
2024-12-28 18:03:01,027 - ContainerLogger - INFO - Total containers today: 0
2024-12-28 18:03:01,029 - ContainerLogger - INFO - Active containers today: 0
2024-12-28 18:03:01,030 - ContainerLogger - INFO - Terminated containers today: 0
2024-12-28 18:03:31,918 - ContainerLogger - INFO - Total containers today: 0
2024-12-28 18:03:32,033 - ContainerLogger - INFO - Active containers today: 0
2024-12-28 18:03:32,034 - ContainerLogger - INFO - Terminated containers today: 0
2024-12-28 18:04:02,786 - ContainerLogger - INFO - Total containers today: 0
2024-12-28 18:04:03,009 - ContainerLogger - INFO - Active containers today: 0
2024-12-28 18:04:03,010 - ContainerLogger - INFO - Terminated containers today: 0
2024-12-28 18:04:32,365 - asyncio - ERROR - Task exception was never retrieved
future: <Task finished name='Task-1' coro=<Miner.serve_async() done, defined at /home/tobius/.cache/pypoetry/virtualenvs/polaris-subnet-z_bpSLHu-py3.10/lib/python3.10/site-packages/polaris_subnet/miner/__init__.py:75> exception=KeyboardInterrupt()>
Traceback (most recent call last):
  File "/home/tobius/.cache/pypoetry/virtualenvs/polaris-subnet-z_bpSLHu-py3.10/lib/python3.10/site-packages/typer/core.py", line 225, in _main
    rv = self.invoke(ctx)
  File "/home/tobius/.cache/pypoetry/virtualenvs/polaris-subnet-z_bpSLHu-py3.10/lib/python3.10/site-packages/click/core.py", line 1688, in invoke
    return _process_result(sub_ctx.command.invoke(sub_ctx))
  File "/home/tobius/.cache/pypoetry/virtualenvs/polaris-subnet-z_bpSLHu-py3.10/lib/python3.10/site-packages/click/core.py", line 1434, in invoke
    return ctx.invoke(self.callback, **ctx.params)
  File "/home/tobius/.cache/pypoetry/virtualenvs/polaris-subnet-z_bpSLHu-py3.10/lib/python3.10/site-packages/click/core.py", line 783, in invoke
    return __callback(*args, **kwargs)
  File "/home/tobius/.cache/pypoetry/virtualenvs/polaris-subnet-z_bpSLHu-py3.10/lib/python3.10/site-packages/typer/main.py", line 683, in wrapper
    return callback(**use_params)  # type: ignore
  File "/media/tobius/Transcend/Jarvis/polaris/polaris_subnet/cli.py", line 87, in miner
    miner.serve()
  File "/home/tobius/.cache/pypoetry/virtualenvs/polaris-subnet-z_bpSLHu-py3.10/lib/python3.10/site-packages/polaris_subnet/miner/__init__.py", line 127, in serve
    asyncio.run(self.serve_async())
  File "/usr/lib/python3.10/asyncio/runners.py", line 47, in run
    _cancel_all_tasks(loop)
  File "/usr/lib/python3.10/asyncio/runners.py", line 63, in _cancel_all_tasks
    loop.run_until_complete(tasks.gather(*to_cancel, return_exceptions=True))
  File "/usr/lib/python3.10/asyncio/base_events.py", line 636, in run_until_complete
    self.run_forever()
  File "/usr/lib/python3.10/asyncio/base_events.py", line 603, in run_forever
    self._run_once()
  File "/usr/lib/python3.10/asyncio/base_events.py", line 1909, in _run_once
    handle._run()
  File "/usr/lib/python3.10/asyncio/events.py", line 80, in _run
    self._context.run(self._callback, *self._args)
  File "/home/tobius/.cache/pypoetry/virtualenvs/polaris-subnet-z_bpSLHu-py3.10/lib/python3.10/site-packages/polaris_subnet/miner/__init__.py", line 95, in serve_async
    await asyncio.gather(
  File "/usr/lib/python3.10/asyncio/runners.py", line 44, in run
    return loop.run_until_complete(main)
  File "/usr/lib/python3.10/asyncio/base_events.py", line 636, in run_until_complete
    self.run_forever()
  File "/usr/lib/python3.10/asyncio/base_events.py", line 603, in run_forever
    self._run_once()
  File "/usr/lib/python3.10/asyncio/base_events.py", line 1909, in _run_once
    handle._run()
  File "/usr/lib/python3.10/asyncio/events.py", line 80, in _run
    self._context.run(self._callback, *self._args)
  File "/home/tobius/.cache/pypoetry/virtualenvs/polaris-subnet-z_bpSLHu-py3.10/lib/python3.10/site-packages/uvicorn/server.py", line 68, in serve
    with self.capture_signals():
  File "/usr/lib/python3.10/contextlib.py", line 142, in __exit__
    next(self.gen)
  File "/home/tobius/.cache/pypoetry/virtualenvs/polaris-subnet-z_bpSLHu-py3.10/lib/python3.10/site-packages/uvicorn/server.py", line 328, in capture_signals
    signal.raise_signal(captured_signal)
KeyboardInterrupt
2024-12-30 19:30:38,840 - root - INFO - Initailizing the PolariseMiner............
2024-12-30 19:30:51,879 - root - INFO - Starting PolariseMiner on port 8000 (Attempt 1)...
2024-12-30 19:30:51,894 - root - INFO - PolariseMiner is running.
2024-12-30 19:31:08,355 - ContainerLogger - ERROR - Failed to fetch data. HTTP status code: 404
2024-12-30 19:31:39,043 - ContainerLogger - ERROR - Failed to fetch data. HTTP status code: 404
2024-12-30 19:32:09,752 - ContainerLogger - ERROR - Failed to fetch data. HTTP status code: 404
2024-12-30 19:32:40,460 - ContainerLogger - ERROR - Failed to fetch data. HTTP status code: 404
2024-12-30 19:33:11,138 - ContainerLogger - ERROR - Failed to fetch data. HTTP status code: 404
2024-12-30 19:33:30,973 - asyncio - ERROR - Task exception was never retrieved
future: <Task finished name='Task-1' coro=<Miner.serve_async() done, defined at /home/tobius/.cache/pypoetry/virtualenvs/polaris-subnet-z_bpSLHu-py3.10/lib/python3.10/site-packages/polaris_subnet/miner/__init__.py:75> exception=KeyboardInterrupt()>
Traceback (most recent call last):
  File "/home/tobius/.cache/pypoetry/virtualenvs/polaris-subnet-z_bpSLHu-py3.10/lib/python3.10/site-packages/typer/core.py", line 225, in _main
    rv = self.invoke(ctx)
  File "/home/tobius/.cache/pypoetry/virtualenvs/polaris-subnet-z_bpSLHu-py3.10/lib/python3.10/site-packages/click/core.py", line 1657, in invoke
    return _process_result(sub_ctx.command.invoke(sub_ctx))
  File "/home/tobius/.cache/pypoetry/virtualenvs/polaris-subnet-z_bpSLHu-py3.10/lib/python3.10/site-packages/click/core.py", line 1404, in invoke
    return ctx.invoke(self.callback, **ctx.params)
  File "/home/tobius/.cache/pypoetry/virtualenvs/polaris-subnet-z_bpSLHu-py3.10/lib/python3.10/site-packages/click/core.py", line 760, in invoke
    return __callback(*args, **kwargs)
  File "/home/tobius/.cache/pypoetry/virtualenvs/polaris-subnet-z_bpSLHu-py3.10/lib/python3.10/site-packages/typer/main.py", line 683, in wrapper
    return callback(**use_params)  # type: ignore
  File "/media/tobius/Transcend/Jarvis/polaris/polaris_subnet/cli.py", line 87, in miner
    miner.serve()
  File "/home/tobius/.cache/pypoetry/virtualenvs/polaris-subnet-z_bpSLHu-py3.10/lib/python3.10/site-packages/polaris_subnet/miner/__init__.py", line 127, in serve
    asyncio.run(self.serve_async())
  File "/usr/lib/python3.10/asyncio/runners.py", line 47, in run
    _cancel_all_tasks(loop)
  File "/usr/lib/python3.10/asyncio/runners.py", line 63, in _cancel_all_tasks
    loop.run_until_complete(tasks.gather(*to_cancel, return_exceptions=True))
  File "/usr/lib/python3.10/asyncio/base_events.py", line 636, in run_until_complete
    self.run_forever()
  File "/usr/lib/python3.10/asyncio/base_events.py", line 603, in run_forever
    self._run_once()
  File "/usr/lib/python3.10/asyncio/base_events.py", line 1909, in _run_once
    handle._run()
  File "/usr/lib/python3.10/asyncio/events.py", line 80, in _run
    self._context.run(self._callback, *self._args)
  File "/home/tobius/.cache/pypoetry/virtualenvs/polaris-subnet-z_bpSLHu-py3.10/lib/python3.10/site-packages/polaris_subnet/miner/__init__.py", line 95, in serve_async
    await asyncio.gather(
  File "/usr/lib/python3.10/asyncio/runners.py", line 44, in run
    return loop.run_until_complete(main)
  File "/usr/lib/python3.10/asyncio/base_events.py", line 636, in run_until_complete
    self.run_forever()
  File "/usr/lib/python3.10/asyncio/base_events.py", line 603, in run_forever
    self._run_once()
  File "/usr/lib/python3.10/asyncio/base_events.py", line 1909, in _run_once
    handle._run()
  File "/usr/lib/python3.10/asyncio/events.py", line 80, in _run
    self._context.run(self._callback, *self._args)
  File "/home/tobius/.cache/pypoetry/virtualenvs/polaris-subnet-z_bpSLHu-py3.10/lib/python3.10/site-packages/uvicorn/server.py", line 68, in serve
    with self.capture_signals():
  File "/usr/lib/python3.10/contextlib.py", line 142, in __exit__
    next(self.gen)
  File "/home/tobius/.cache/pypoetry/virtualenvs/polaris-subnet-z_bpSLHu-py3.10/lib/python3.10/site-packages/uvicorn/server.py", line 328, in capture_signals
    signal.raise_signal(captured_signal)
KeyboardInterrupt
2024-12-31 13:15:47,202 - root - INFO - Initailizing the PolariseMiner............
2024-12-31 13:15:47,308 - polaris_subnet.miner.container - INFO - Docker client initialized using environment variables.
2024-12-31 13:15:47,309 - polaris_subnet.miner.container - INFO - Initialized ContainerManager with host IP: 10.10.164.244
2024-12-31 13:15:47,310 - polaris_subnet.miner.allocate - INFO - Initializing resource allocator service
2024-12-31 13:15:47,324 - polaris_subnet.miner.container - INFO - Docker client initialized using environment variables.
2024-12-31 13:15:47,325 - polaris_subnet.miner.container - INFO - Initialized ContainerManager with host IP: 10.10.164.244
2024-12-31 13:16:04,038 - root - INFO - Starting PolarisMiner on port 8000...
2024-12-31 13:16:04,043 - root - INFO - PolarisMiner is running.
2024-12-31 13:27:40,998 - root - INFO - Received signal 2. Initiating graceful shutdown...
2024-12-31 13:27:41,001 - root - INFO - Stopping PolarisMiner...
2024-12-31 13:27:42,150 - root - INFO - Received signal 2. Initiating graceful shutdown...
2024-12-31 13:27:42,152 - root - INFO - Stopping PolarisMiner...
2024-12-31 13:27:42,610 - root - INFO - Received signal 2. Initiating graceful shutdown...
2024-12-31 13:27:42,613 - root - INFO - Stopping PolarisMiner...
2024-12-31 13:27:43,013 - root - INFO - Received signal 2. Initiating graceful shutdown...
2024-12-31 13:27:43,017 - root - INFO - Stopping PolarisMiner...
2024-12-31 13:27:43,244 - root - INFO - Received signal 2. Initiating graceful shutdown...
2024-12-31 13:27:43,247 - root - INFO - Stopping PolarisMiner...
2024-12-31 13:27:43,431 - root - INFO - Received signal 2. Initiating graceful shutdown...
2024-12-31 13:27:43,434 - root - INFO - Stopping PolarisMiner...
2024-12-31 13:27:43,616 - root - INFO - Received signal 2. Initiating graceful shutdown...
2024-12-31 13:27:43,621 - root - INFO - Stopping PolarisMiner...
2024-12-31 13:27:43,800 - root - INFO - Received signal 2. Initiating graceful shutdown...
2024-12-31 13:27:43,803 - root - INFO - Stopping PolarisMiner...
2024-12-31 13:27:43,970 - root - INFO - Received signal 2. Initiating graceful shutdown...
2024-12-31 13:27:43,973 - root - INFO - Stopping PolarisMiner...
2024-12-31 13:27:53,502 - root - INFO - Initailizing the PolariseMiner............
2024-12-31 13:27:53,520 - polaris_subnet.miner.container - INFO - Docker client initialized using environment variables.
2024-12-31 13:27:53,521 - polaris_subnet.miner.container - INFO - Initialized ContainerManager with host IP: 10.10.164.244
2024-12-31 13:27:53,521 - polaris_subnet.miner.allocate - INFO - Initializing resource allocator service
2024-12-31 13:27:53,534 - polaris_subnet.miner.container - INFO - Docker client initialized using environment variables.
2024-12-31 13:27:53,536 - polaris_subnet.miner.container - INFO - Initialized ContainerManager with host IP: 10.10.164.244
2024-12-31 13:35:48,848 - root - INFO - Initailizing the PolariseMiner............
2024-12-31 13:35:48,864 - polaris_subnet.miner.container - INFO - Docker client initialized using environment variables.
2024-12-31 13:35:48,865 - polaris_subnet.miner.container - INFO - Initialized ContainerManager with host IP: 10.10.164.244
2024-12-31 13:35:48,865 - polaris_subnet.miner.allocate - INFO - Initializing resource allocator service
2024-12-31 13:35:48,880 - polaris_subnet.miner.container - INFO - Docker client initialized using environment variables.
2024-12-31 13:35:48,881 - polaris_subnet.miner.container - INFO - Initialized ContainerManager with host IP: 10.10.164.244
2024-12-31 13:35:59,042 - root - INFO - Starting PolarisMiner on port 8000...
2024-12-31 13:35:59,049 - root - INFO - PolarisMiner is running.
2024-12-31 13:36:14,010 - ContainerLogger - ERROR - Failed to fetch data. HTTP status code: 404
2024-12-31 13:36:23,471 - root - INFO - Received signal 2. Initiating graceful shutdown...
2024-12-31 13:36:23,473 - root - INFO - Stopping PolarisMiner...
2024-12-31 13:36:23,475 - root - INFO - PolarisMiner stopped.
2024-12-31 13:36:23,657 - asyncio - ERROR - Task exception was never retrieved
future: <Task finished name='Task-1' coro=<Miner.serve_async() done, defined at /home/tobius/.cache/pypoetry/virtualenvs/polaris-subnet-z_bpSLHu-py3.10/lib/python3.10/site-packages/polaris_subnet/miner/__init__.py:77> exception=SystemExit(0)>
Traceback (most recent call last):
  File "/home/tobius/.cache/pypoetry/virtualenvs/polaris-subnet-z_bpSLHu-py3.10/lib/python3.10/site-packages/typer/main.py", line 311, in __call__
    return get_command(self)(*args, **kwargs)
  File "/home/tobius/.cache/pypoetry/virtualenvs/polaris-subnet-z_bpSLHu-py3.10/lib/python3.10/site-packages/click/core.py", line 1130, in __call__
    return self.main(*args, **kwargs)
  File "/home/tobius/.cache/pypoetry/virtualenvs/polaris-subnet-z_bpSLHu-py3.10/lib/python3.10/site-packages/typer/core.py", line 783, in main
    return _main(
  File "/home/tobius/.cache/pypoetry/virtualenvs/polaris-subnet-z_bpSLHu-py3.10/lib/python3.10/site-packages/typer/core.py", line 225, in _main
    rv = self.invoke(ctx)
  File "/home/tobius/.cache/pypoetry/virtualenvs/polaris-subnet-z_bpSLHu-py3.10/lib/python3.10/site-packages/click/core.py", line 1657, in invoke
    return _process_result(sub_ctx.command.invoke(sub_ctx))
  File "/home/tobius/.cache/pypoetry/virtualenvs/polaris-subnet-z_bpSLHu-py3.10/lib/python3.10/site-packages/click/core.py", line 1404, in invoke
    return ctx.invoke(self.callback, **ctx.params)
  File "/home/tobius/.cache/pypoetry/virtualenvs/polaris-subnet-z_bpSLHu-py3.10/lib/python3.10/site-packages/click/core.py", line 760, in invoke
    return __callback(*args, **kwargs)
  File "/home/tobius/.cache/pypoetry/virtualenvs/polaris-subnet-z_bpSLHu-py3.10/lib/python3.10/site-packages/typer/main.py", line 683, in wrapper
    return callback(**use_params)  # type: ignore
  File "/media/tobius/Transcend/Jarvis/polaris/polaris_subnet/cli.py", line 87, in miner
    miner.serve()
  File "/home/tobius/.cache/pypoetry/virtualenvs/polaris-subnet-z_bpSLHu-py3.10/lib/python3.10/site-packages/polaris_subnet/miner/__init__.py", line 129, in serve
    asyncio.run(self.serve_async())
  File "/usr/lib/python3.10/asyncio/runners.py", line 47, in run
    _cancel_all_tasks(loop)
  File "/usr/lib/python3.10/asyncio/runners.py", line 63, in _cancel_all_tasks
    loop.run_until_complete(tasks.gather(*to_cancel, return_exceptions=True))
  File "/usr/lib/python3.10/asyncio/base_events.py", line 636, in run_until_complete
    self.run_forever()
  File "/usr/lib/python3.10/asyncio/base_events.py", line 603, in run_forever
    self._run_once()
  File "/usr/lib/python3.10/asyncio/base_events.py", line 1909, in _run_once
    handle._run()
  File "/usr/lib/python3.10/asyncio/events.py", line 80, in _run
    self._context.run(self._callback, *self._args)
  File "/home/tobius/.cache/pypoetry/virtualenvs/polaris-subnet-z_bpSLHu-py3.10/lib/python3.10/site-packages/polaris_subnet/miner/__init__.py", line 97, in serve_async
    await asyncio.gather(
  File "/usr/lib/python3.10/asyncio/runners.py", line 44, in run
    return loop.run_until_complete(main)
  File "/usr/lib/python3.10/asyncio/base_events.py", line 636, in run_until_complete
    self.run_forever()
  File "/usr/lib/python3.10/asyncio/base_events.py", line 603, in run_forever
    self._run_once()
  File "/usr/lib/python3.10/asyncio/base_events.py", line 1909, in _run_once
    handle._run()
  File "/usr/lib/python3.10/asyncio/events.py", line 80, in _run
    self._context.run(self._callback, *self._args)
  File "/home/tobius/.cache/pypoetry/virtualenvs/polaris-subnet-z_bpSLHu-py3.10/lib/python3.10/site-packages/uvicorn/server.py", line 68, in serve
    with self.capture_signals():
  File "/usr/lib/python3.10/contextlib.py", line 142, in __exit__
    next(self.gen)
  File "/home/tobius/.cache/pypoetry/virtualenvs/polaris-subnet-z_bpSLHu-py3.10/lib/python3.10/site-packages/uvicorn/server.py", line 328, in capture_signals
    signal.raise_signal(captured_signal)
  File "/home/tobius/.cache/pypoetry/virtualenvs/polaris-subnet-z_bpSLHu-py3.10/lib/python3.10/site-packages/polaris_subnet/miner/Polarisnode.py", line 47, in handle_shutdown
    sys.exit(0)
SystemExit: 0
2024-12-31 13:44:38,507 - root - INFO - Initailizing the PolariseMiner............
2024-12-31 13:44:38,843 - polaris_subnet.miner.container - INFO - Docker client initialized using environment variables.
2024-12-31 13:44:38,844 - polaris_subnet.miner.container - INFO - Initialized ContainerManager with host IP: 10.10.164.244
2024-12-31 13:44:38,845 - polaris_subnet.miner.allocate - INFO - Initializing resource allocator service
2024-12-31 13:44:38,862 - polaris_subnet.miner.container - INFO - Docker client initialized using environment variables.
2024-12-31 13:44:38,863 - polaris_subnet.miner.container - INFO - Initialized ContainerManager with host IP: 10.10.164.244
2024-12-31 13:44:49,310 - root - INFO - Starting PolarisMiner on port 8000...
2024-12-31 13:44:49,315 - root - INFO - PolarisMiner is running.
2024-12-31 13:45:03,890 - ContainerLogger - INFO - Total containers today: 1
2024-12-31 13:45:04,240 - ContainerLogger - INFO - Active containers today: 1
2024-12-31 13:45:04,242 - ContainerLogger - INFO - Terminated containers today: 0
2024-12-31 13:45:35,094 - ContainerLogger - INFO - Total containers today: 1
2024-12-31 13:45:35,096 - ContainerLogger - INFO - Active containers today: 1
2024-12-31 13:45:35,098 - ContainerLogger - INFO - Terminated containers today: 0
2024-12-31 13:46:05,775 - ContainerLogger - INFO - Total containers today: 1
2024-12-31 13:46:05,777 - ContainerLogger - INFO - Active containers today: 1
2024-12-31 13:46:05,778 - ContainerLogger - INFO - Terminated containers today: 0
2024-12-31 13:46:36,474 - ContainerLogger - INFO - Total containers today: 1
2024-12-31 13:46:36,475 - ContainerLogger - INFO - Active containers today: 1
2024-12-31 13:46:36,476 - ContainerLogger - INFO - Terminated containers today: 0
2024-12-31 13:47:07,311 - ContainerLogger - INFO - Total containers today: 1
2024-12-31 13:47:07,546 - ContainerLogger - INFO - Active containers today: 1
2024-12-31 13:47:07,548 - ContainerLogger - INFO - Terminated containers today: 0
2024-12-31 13:47:24,851 - root - INFO - Received signal 2. Initiating graceful shutdown...
2024-12-31 13:47:24,854 - root - INFO - Stopping PolarisMiner...
2024-12-31 13:47:24,859 - root - INFO - PolarisMiner stopped.
2024-12-31 13:47:25,080 - asyncio - ERROR - Task exception was never retrieved
future: <Task finished name='Task-1' coro=<Miner.serve_async() done, defined at /home/tobius/.cache/pypoetry/virtualenvs/polaris-subnet-z_bpSLHu-py3.10/lib/python3.10/site-packages/polaris_subnet/miner/__init__.py:77> exception=SystemExit(0)>
Traceback (most recent call last):
  File "/home/tobius/.cache/pypoetry/virtualenvs/polaris-subnet-z_bpSLHu-py3.10/lib/python3.10/site-packages/typer/main.py", line 311, in __call__
    return get_command(self)(*args, **kwargs)
  File "/home/tobius/.cache/pypoetry/virtualenvs/polaris-subnet-z_bpSLHu-py3.10/lib/python3.10/site-packages/click/core.py", line 1130, in __call__
    return self.main(*args, **kwargs)
  File "/home/tobius/.cache/pypoetry/virtualenvs/polaris-subnet-z_bpSLHu-py3.10/lib/python3.10/site-packages/typer/core.py", line 783, in main
    return _main(
  File "/home/tobius/.cache/pypoetry/virtualenvs/polaris-subnet-z_bpSLHu-py3.10/lib/python3.10/site-packages/typer/core.py", line 225, in _main
    rv = self.invoke(ctx)
  File "/home/tobius/.cache/pypoetry/virtualenvs/polaris-subnet-z_bpSLHu-py3.10/lib/python3.10/site-packages/click/core.py", line 1657, in invoke
    return _process_result(sub_ctx.command.invoke(sub_ctx))
  File "/home/tobius/.cache/pypoetry/virtualenvs/polaris-subnet-z_bpSLHu-py3.10/lib/python3.10/site-packages/click/core.py", line 1404, in invoke
    return ctx.invoke(self.callback, **ctx.params)
  File "/home/tobius/.cache/pypoetry/virtualenvs/polaris-subnet-z_bpSLHu-py3.10/lib/python3.10/site-packages/click/core.py", line 760, in invoke
    return __callback(*args, **kwargs)
  File "/home/tobius/.cache/pypoetry/virtualenvs/polaris-subnet-z_bpSLHu-py3.10/lib/python3.10/site-packages/typer/main.py", line 683, in wrapper
    return callback(**use_params)  # type: ignore
  File "/media/tobius/Transcend/Jarvis/polaris/polaris_subnet/cli.py", line 87, in miner
    miner.serve()
  File "/home/tobius/.cache/pypoetry/virtualenvs/polaris-subnet-z_bpSLHu-py3.10/lib/python3.10/site-packages/polaris_subnet/miner/__init__.py", line 111, in serve
    asyncio.run(self.serve_async())
  File "/usr/lib/python3.10/asyncio/runners.py", line 47, in run
    _cancel_all_tasks(loop)
  File "/usr/lib/python3.10/asyncio/runners.py", line 63, in _cancel_all_tasks
    loop.run_until_complete(tasks.gather(*to_cancel, return_exceptions=True))
  File "/usr/lib/python3.10/asyncio/base_events.py", line 636, in run_until_complete
    self.run_forever()
  File "/usr/lib/python3.10/asyncio/base_events.py", line 603, in run_forever
    self._run_once()
  File "/usr/lib/python3.10/asyncio/base_events.py", line 1909, in _run_once
    handle._run()
  File "/usr/lib/python3.10/asyncio/events.py", line 80, in _run
    self._context.run(self._callback, *self._args)
  File "/home/tobius/.cache/pypoetry/virtualenvs/polaris-subnet-z_bpSLHu-py3.10/lib/python3.10/site-packages/polaris_subnet/miner/__init__.py", line 97, in serve_async
    await asyncio.gather(
  File "/usr/lib/python3.10/asyncio/runners.py", line 44, in run
    return loop.run_until_complete(main)
  File "/usr/lib/python3.10/asyncio/base_events.py", line 636, in run_until_complete
    self.run_forever()
  File "/usr/lib/python3.10/asyncio/base_events.py", line 603, in run_forever
    self._run_once()
  File "/usr/lib/python3.10/asyncio/base_events.py", line 1909, in _run_once
    handle._run()
  File "/usr/lib/python3.10/asyncio/events.py", line 80, in _run
    self._context.run(self._callback, *self._args)
  File "/home/tobius/.cache/pypoetry/virtualenvs/polaris-subnet-z_bpSLHu-py3.10/lib/python3.10/site-packages/uvicorn/server.py", line 68, in serve
    with self.capture_signals():
  File "/usr/lib/python3.10/contextlib.py", line 142, in __exit__
    next(self.gen)
  File "/home/tobius/.cache/pypoetry/virtualenvs/polaris-subnet-z_bpSLHu-py3.10/lib/python3.10/site-packages/uvicorn/server.py", line 328, in capture_signals
    signal.raise_signal(captured_signal)
  File "/home/tobius/.cache/pypoetry/virtualenvs/polaris-subnet-z_bpSLHu-py3.10/lib/python3.10/site-packages/polaris_subnet/miner/Polarisnode.py", line 47, in handle_shutdown
    sys.exit(0)
SystemExit: 0
2024-12-31 13:57:28,832 - root - INFO - Initailizing the PolariseMiner............
2024-12-31 13:57:28,848 - polaris_subnet.miner.container - INFO - Docker client initialized using environment variables.
2024-12-31 13:57:28,850 - polaris_subnet.miner.container - INFO - Initialized ContainerManager with host IP: 10.10.164.244
2024-12-31 13:57:28,850 - polaris_subnet.miner.allocate - INFO - Initializing resource allocator service
2024-12-31 13:57:28,865 - polaris_subnet.miner.container - INFO - Docker client initialized using environment variables.
2024-12-31 13:57:28,866 - polaris_subnet.miner.container - INFO - Initialized ContainerManager with host IP: 10.10.164.244
2024-12-31 13:57:45,183 - root - INFO - Starting PolarisMiner on port 8000...
2024-12-31 13:57:45,185 - root - INFO - PolarisMiner is running.
2024-12-31 13:57:58,409 - ContainerLogger - ERROR - Failed to fetch data. HTTP status code: 404
2024-12-31 13:58:13,365 - root - INFO - Received signal 2. Initiating graceful shutdown...
2024-12-31 13:58:13,367 - root - INFO - Stopping PolarisMiner...
2024-12-31 13:58:13,367 - root - INFO - PolarisMiner stopped.
2024-12-31 13:58:13,533 - asyncio - ERROR - Task exception was never retrieved
future: <Task finished name='Task-1' coro=<Miner.serve_async() done, defined at /home/tobius/.cache/pypoetry/virtualenvs/polaris-subnet-z_bpSLHu-py3.10/lib/python3.10/site-packages/polaris_subnet/miner/__init__.py:76> exception=SystemExit(0)>
Traceback (most recent call last):
  File "/home/tobius/.cache/pypoetry/virtualenvs/polaris-subnet-z_bpSLHu-py3.10/lib/python3.10/site-packages/typer/main.py", line 311, in __call__
    return get_command(self)(*args, **kwargs)
  File "/home/tobius/.cache/pypoetry/virtualenvs/polaris-subnet-z_bpSLHu-py3.10/lib/python3.10/site-packages/click/core.py", line 1130, in __call__
    return self.main(*args, **kwargs)
  File "/home/tobius/.cache/pypoetry/virtualenvs/polaris-subnet-z_bpSLHu-py3.10/lib/python3.10/site-packages/typer/core.py", line 783, in main
    return _main(
  File "/home/tobius/.cache/pypoetry/virtualenvs/polaris-subnet-z_bpSLHu-py3.10/lib/python3.10/site-packages/typer/core.py", line 225, in _main
    rv = self.invoke(ctx)
  File "/home/tobius/.cache/pypoetry/virtualenvs/polaris-subnet-z_bpSLHu-py3.10/lib/python3.10/site-packages/click/core.py", line 1657, in invoke
    return _process_result(sub_ctx.command.invoke(sub_ctx))
  File "/home/tobius/.cache/pypoetry/virtualenvs/polaris-subnet-z_bpSLHu-py3.10/lib/python3.10/site-packages/click/core.py", line 1404, in invoke
    return ctx.invoke(self.callback, **ctx.params)
  File "/home/tobius/.cache/pypoetry/virtualenvs/polaris-subnet-z_bpSLHu-py3.10/lib/python3.10/site-packages/click/core.py", line 760, in invoke
    return __callback(*args, **kwargs)
  File "/home/tobius/.cache/pypoetry/virtualenvs/polaris-subnet-z_bpSLHu-py3.10/lib/python3.10/site-packages/typer/main.py", line 683, in wrapper
    return callback(**use_params)  # type: ignore
  File "/media/tobius/Transcend/Jarvis/polaris/polaris_subnet/cli.py", line 87, in miner
    miner.serve()
  File "/home/tobius/.cache/pypoetry/virtualenvs/polaris-subnet-z_bpSLHu-py3.10/lib/python3.10/site-packages/polaris_subnet/miner/__init__.py", line 110, in serve
    asyncio.run(self.serve_async())
  File "/usr/lib/python3.10/asyncio/runners.py", line 47, in run
    _cancel_all_tasks(loop)
  File "/usr/lib/python3.10/asyncio/runners.py", line 63, in _cancel_all_tasks
    loop.run_until_complete(tasks.gather(*to_cancel, return_exceptions=True))
  File "/usr/lib/python3.10/asyncio/base_events.py", line 636, in run_until_complete
    self.run_forever()
  File "/usr/lib/python3.10/asyncio/base_events.py", line 603, in run_forever
    self._run_once()
  File "/usr/lib/python3.10/asyncio/base_events.py", line 1909, in _run_once
    handle._run()
  File "/usr/lib/python3.10/asyncio/events.py", line 80, in _run
    self._context.run(self._callback, *self._args)
  File "/home/tobius/.cache/pypoetry/virtualenvs/polaris-subnet-z_bpSLHu-py3.10/lib/python3.10/site-packages/polaris_subnet/miner/__init__.py", line 96, in serve_async
    await asyncio.gather(
  File "/usr/lib/python3.10/asyncio/runners.py", line 44, in run
    return loop.run_until_complete(main)
  File "/usr/lib/python3.10/asyncio/base_events.py", line 636, in run_until_complete
    self.run_forever()
  File "/usr/lib/python3.10/asyncio/base_events.py", line 603, in run_forever
    self._run_once()
  File "/usr/lib/python3.10/asyncio/base_events.py", line 1909, in _run_once
    handle._run()
  File "/usr/lib/python3.10/asyncio/events.py", line 80, in _run
    self._context.run(self._callback, *self._args)
  File "/home/tobius/.cache/pypoetry/virtualenvs/polaris-subnet-z_bpSLHu-py3.10/lib/python3.10/site-packages/uvicorn/server.py", line 68, in serve
    with self.capture_signals():
  File "/usr/lib/python3.10/contextlib.py", line 142, in __exit__
    next(self.gen)
  File "/home/tobius/.cache/pypoetry/virtualenvs/polaris-subnet-z_bpSLHu-py3.10/lib/python3.10/site-packages/uvicorn/server.py", line 328, in capture_signals
    signal.raise_signal(captured_signal)
  File "/home/tobius/.cache/pypoetry/virtualenvs/polaris-subnet-z_bpSLHu-py3.10/lib/python3.10/site-packages/polaris_subnet/miner/Polarisnode.py", line 47, in handle_shutdown
    sys.exit(0)
SystemExit: 0
2024-12-31 14:00:26,130 - polaris_subnet.miner.container - INFO - Docker client initialized using environment variables.
2024-12-31 14:00:26,131 - polaris_subnet.miner.container - INFO - Initialized ContainerManager with host IP: 10.10.164.244
2024-12-31 14:00:26,131 - polaris_subnet.miner.allocate - INFO - Initializing resource allocator service
2024-12-31 14:00:26,145 - polaris_subnet.miner.container - INFO - Docker client initialized using environment variables.
2024-12-31 14:00:26,146 - polaris_subnet.miner.container - INFO - Initialized ContainerManager with host IP: 10.10.164.244
2024-12-31 14:00:36,044 - root - INFO - Starting PolarisMiner on port 8000...
2024-12-31 14:00:36,045 - root - INFO - PolarisMiner is running.
